<?xml version="1.0" encoding="UTF-8"?>
<!-- Generated by org.testng.reporters.JUnitXMLReporter -->
<testsuite ignored="0" hostname="DESKTOP-SBUKS87" failures="0" tests="1" name="Tests" time="0.108" errors="0" timestamp="2025-03-26T10:36:32 GMT">
  <testcase classname="BaseClass.SetupclassWithparameter" name="@BeforeClass setup_method" time="-1.74298539271E9">
    <failure type="org.testng.TestNGException" message="
Method setup_method requires 2 parameters but 1 were supplied in the BeforeClass annotation.">
      <![CDATA[org.testng.TestNGException: 
Method setup_method requires 2 parameters but 1 were supplied in the BeforeClass annotation.
at java.base/java.util.ArrayList.forEach(ArrayList.java:1511)
... Removed 22 stack frames]]>
    </failure>
  </testcase> <!-- @BeforeClass setup_method -->
  <testcase classname="testCases.homepagewithparameter" name="makeappointment" time="0.001">
    <skipped/>
  </testcase> <!-- makeappointment -->
</testsuite> <!-- Tests -->
